<?xml version="1.0" encoding="UTF-8"?>
<!-- Generated by org.testng.reporters.JUnitReportReporter -->
<testsuite hostname="Leadit" name="com.qa.tests.GetAPITest" tests="1" failures="0" timestamp="16 Aug 2018 09:58:24 GMT" time="4.659" errors="0">
  <testcase name="getApiTest" time="4.659" classname="com.qa.tests.GetAPITest"/>
</testsuite> <!-- com.qa.tests.GetAPITest -->
