<?xml version="1.0" encoding="UTF-8"?>
<!-- Generated by org.testng.reporters.JUnitReportReporter -->
<testsuite hostname="Leadit" name="automationtesting.in.AddAddressDemo" tests="1" failures="0" timestamp="19 Sep 2018 10:10:08 GMT" time="8.465" errors="0">
  <testcase name="colorTest" time="8.465" classname="automationtesting.in.AddAddressDemo"/>
</testsuite> <!-- automationtesting.in.AddAddressDemo -->
