<?xml version="1.0" encoding="UTF-8"?>
<!-- Generated by org.testng.reporters.JUnitReportReporter -->
<testsuite hostname="Leadit" name="demo.screenshots.WebelementSS" tests="1" failures="0" timestamp="5 Oct 2018 11:11:25 GMT" time="62.637" errors="0">
  <testcase name="webelementscreenshot" time="62.637" classname="demo.screenshots.WebelementSS"/>
</testsuite> <!-- demo.screenshots.WebelementSS -->
