<?xml version="1.0" encoding="UTF-8"?>
<!-- Generated by org.testng.reporters.JUnitReportReporter -->
<testsuite hostname="Leadit" name="com.DataDriven.Test.WatsAppData" tests="1" failures="0" timestamp="24 Sep 2018 12:21:31 GMT" time="24.161" errors="0">
  <testcase name="watsappAutomate" time="24.161" classname="com.DataDriven.Test.WatsAppData"/>
</testsuite> <!-- com.DataDriven.Test.WatsAppData -->
