<?xml version="1.0" encoding="UTF-8"?>
<!-- Generated by org.testng.reporters.JUnitReportReporter -->
<testsuite hostname="Leadit" name="automationtesting.in.SliderDemo2" tests="1" failures="0" timestamp="2 Aug 2018 09:18:13 GMT" time="26.702" errors="0">
  <testcase name="calculateLoanEMI" time="26.702" classname="automationtesting.in.SliderDemo2"/>
</testsuite> <!-- automationtesting.in.SliderDemo2 -->
