<?xml version="1.0" encoding="UTF-8"?>
<!-- Generated by org.testng.reporters.JUnitReportReporter -->
<testsuite hostname="Leadit" name="com.DataDriven.Test.DataProviderDemo" tests="3" failures="0" timestamp="17 Sep 2018 07:02:41 GMT" time="44.479" errors="0">
  <testcase name="readDataFoRegistration" time="17.289" classname="com.DataDriven.Test.DataProviderDemo"/>
  <testcase name="readDataFoRegistration" time="13.512" classname="com.DataDriven.Test.DataProviderDemo"/>
  <testcase name="readDataFoRegistration" time="13.678" classname="com.DataDriven.Test.DataProviderDemo"/>
</testsuite> <!-- com.DataDriven.Test.DataProviderDemo -->
