<?xml version="1.0" encoding="UTF-8"?>
<!-- Generated by org.testng.reporters.JUnitReportReporter -->
<testsuite hostname="Leadit" name="sampleselenium.com.Amazon" tests="4" failures="0" timestamp="30 Aug 2018 09:17:10 GMT" time="26.380" errors="0">
  <testcase name="loginTest" time="16.278" classname="sampleselenium.com.Amazon"/>
  <testcase name="logoutTest" time="1.820" classname="sampleselenium.com.Amazon"/>
  <testcase name="verifyLandingPageTest" time="0.416" classname="sampleselenium.com.Amazon"/>
  <testcase name="searchboxAmazonTest" time="7.866" classname="sampleselenium.com.Amazon"/>
</testsuite> <!-- sampleselenium.com.Amazon -->
