<?xml version="1.0" encoding="UTF-8"?>
<!-- Generated by org.testng.reporters.JUnitReportReporter -->
<testsuite hostname="Leadit" name="com.DataDriven.Test.WatsAppData" tests="1" failures="0" timestamp="29 Sep 2018 17:09:05 GMT" time="50.953" errors="0">
  <testcase name="watsappAutomate" time="50.953" classname="com.DataDriven.Test.WatsAppData"/>
</testsuite> <!-- com.DataDriven.Test.WatsAppData -->
